\BOOKMARK [0][-]{chapter.1}{\376\377\0001\000\040\000N\000a\000m\000e\000s\000p\000a\000c\000e\000\040\000I\000n\000d\000e\000x}{}% 1
\BOOKMARK [1][-]{section.1.1}{\376\377\0001\000.\0001\000\040\000N\000a\000m\000e\000s\000p\000a\000c\000e\000\040\000L\000i\000s\000t}{chapter.1}% 2
\BOOKMARK [0][-]{chapter.2}{\376\377\0002\000\040\000C\000l\000a\000s\000s\000\040\000I\000n\000d\000e\000x}{}% 3
\BOOKMARK [1][-]{section.2.1}{\376\377\0002\000.\0001\000\040\000C\000l\000a\000s\000s\000\040\000L\000i\000s\000t}{chapter.2}% 4
\BOOKMARK [0][-]{chapter.3}{\376\377\0003\000\040\000N\000a\000m\000e\000s\000p\000a\000c\000e\000\040\000D\000o\000c\000u\000m\000e\000n\000t\000a\000t\000i\000o\000n}{}% 5
\BOOKMARK [1][-]{section.3.1}{\376\377\0003\000.\0001\000\040\000D\000a\000t\000a\000H\000a\000n\000d\000l\000e\000r\000\040\000N\000a\000m\000e\000s\000p\000a\000c\000e\000\040\000R\000e\000f\000e\000r\000e\000n\000c\000e}{chapter.3}% 6
\BOOKMARK [2][-]{subsection.3.1.1}{\376\377\0003\000.\0001\000.\0001\000\040\000D\000e\000t\000a\000i\000l\000e\000d\000\040\000D\000e\000s\000c\000r\000i\000p\000t\000i\000o\000n}{section.3.1}% 7
\BOOKMARK [1][-]{section.3.2}{\376\377\0003\000.\0002\000\040\000E\000m\000a\000i\000l\000H\000a\000n\000d\000l\000e\000r\000\040\000N\000a\000m\000e\000s\000p\000a\000c\000e\000\040\000R\000e\000f\000e\000r\000e\000n\000c\000e}{chapter.3}% 8
\BOOKMARK [2][-]{subsection.3.2.1}{\376\377\0003\000.\0002\000.\0001\000\040\000D\000e\000t\000a\000i\000l\000e\000d\000\040\000D\000e\000s\000c\000r\000i\000p\000t\000i\000o\000n}{section.3.2}% 9
\BOOKMARK [1][-]{section.3.3}{\376\377\0003\000.\0003\000\040\000G\000e\000n\000e\000r\000a\000l\000N\000e\000t\000w\000o\000r\000k\000\040\000N\000a\000m\000e\000s\000p\000a\000c\000e\000\040\000R\000e\000f\000e\000r\000e\000n\000c\000e}{chapter.3}% 10
\BOOKMARK [2][-]{subsection.3.3.1}{\376\377\0003\000.\0003\000.\0001\000\040\000D\000e\000t\000a\000i\000l\000e\000d\000\040\000D\000e\000s\000c\000r\000i\000p\000t\000i\000o\000n}{section.3.3}% 11
\BOOKMARK [1][-]{section.3.4}{\376\377\0003\000.\0004\000\040\000H\000a\000r\000d\000w\000a\000r\000e\000H\000a\000n\000d\000l\000e\000r\000\040\000N\000a\000m\000e\000s\000p\000a\000c\000e\000\040\000R\000e\000f\000e\000r\000e\000n\000c\000e}{chapter.3}% 12
\BOOKMARK [2][-]{subsection.3.4.1}{\376\377\0003\000.\0004\000.\0001\000\040\000D\000e\000t\000a\000i\000l\000e\000d\000\040\000D\000e\000s\000c\000r\000i\000p\000t\000i\000o\000n}{section.3.4}% 13
\BOOKMARK [1][-]{section.3.5}{\376\377\0003\000.\0005\000\040\000L\000o\000a\000d\000A\000n\000d\000T\000e\000s\000t\000M\000o\000d\000e\000l\000\040\000N\000a\000m\000e\000s\000p\000a\000c\000e\000\040\000R\000e\000f\000e\000r\000e\000n\000c\000e}{chapter.3}% 14
\BOOKMARK [2][-]{subsection.3.5.1}{\376\377\0003\000.\0005\000.\0001\000\040\000D\000e\000t\000a\000i\000l\000e\000d\000\040\000D\000e\000s\000c\000r\000i\000p\000t\000i\000o\000n}{section.3.5}% 15
\BOOKMARK [1][-]{section.3.6}{\376\377\0003\000.\0006\000\040\000T\000i\000m\000e\000r\000M\000o\000d\000u\000l\000e\000\040\000N\000a\000m\000e\000s\000p\000a\000c\000e\000\040\000R\000e\000f\000e\000r\000e\000n\000c\000e}{chapter.3}% 16
\BOOKMARK [2][-]{subsection.3.6.1}{\376\377\0003\000.\0006\000.\0001\000\040\000D\000e\000t\000a\000i\000l\000e\000d\000\040\000D\000e\000s\000c\000r\000i\000p\000t\000i\000o\000n}{section.3.6}% 17
\BOOKMARK [1][-]{section.3.7}{\376\377\0003\000.\0007\000\040\000T\000r\000a\000i\000n\000M\000o\000d\000e\000l\000s\000\040\000N\000a\000m\000e\000s\000p\000a\000c\000e\000\040\000R\000e\000f\000e\000r\000e\000n\000c\000e}{chapter.3}% 18
\BOOKMARK [2][-]{subsection.3.7.1}{\376\377\0003\000.\0007\000.\0001\000\040\000D\000e\000t\000a\000i\000l\000e\000d\000\040\000D\000e\000s\000c\000r\000i\000p\000t\000i\000o\000n}{section.3.7}% 19
\BOOKMARK [0][-]{chapter.4}{\376\377\0004\000\040\000C\000l\000a\000s\000s\000\040\000D\000o\000c\000u\000m\000e\000n\000t\000a\000t\000i\000o\000n}{}% 20
\BOOKMARK [1][-]{section.4.1}{\376\377\0004\000.\0001\000\040\000D\000a\000t\000a\000H\000a\000n\000d\000l\000e\000r\000.\000D\000a\000t\000a\000H\000a\000n\000d\000l\000e\000r\000\040\000C\000l\000a\000s\000s\000\040\000R\000e\000f\000e\000r\000e\000n\000c\000e}{chapter.4}% 21
\BOOKMARK [2][-]{subsection.4.1.1}{\376\377\0004\000.\0001\000.\0001\000\040\000C\000o\000n\000s\000t\000r\000u\000c\000t\000o\000r\000\040\000\046\000\040\000D\000e\000s\000t\000r\000u\000c\000t\000o\000r\000\040\000D\000o\000c\000u\000m\000e\000n\000t\000a\000t\000i\000o\000n}{section.4.1}% 22
\BOOKMARK [3][-]{subsubsection.4.1.1.1}{\376\377\0004\000.\0001\000.\0001\000.\0001\000\040\000\137\000\137\000i\000n\000i\000t\000\137\000\137\000\050\000\051}{subsection.4.1.1}% 23
\BOOKMARK [2][-]{subsection.4.1.2}{\376\377\0004\000.\0001\000.\0002\000\040\000M\000e\000m\000b\000e\000r\000\040\000F\000u\000n\000c\000t\000i\000o\000n\000\040\000D\000o\000c\000u\000m\000e\000n\000t\000a\000t\000i\000o\000n}{section.4.1}% 24
\BOOKMARK [3][-]{subsubsection.4.1.2.1}{\376\377\0004\000.\0001\000.\0002\000.\0001\000\040\000d\000e\000r\000i\000v\000e\000P\000a\000t\000c\000h\000e\000s\000\050\000\051}{subsection.4.1.2}% 25
\BOOKMARK [3][-]{subsubsection.4.1.2.2}{\376\377\0004\000.\0001\000.\0002\000.\0002\000\040\000d\000e\000r\000i\000v\000e\000P\000a\000t\000c\000h\000F\000r\000o\000m\000S\000e\000g\000m\000e\000n\000t\000s\000\050\000\051}{subsection.4.1.2}% 26
\BOOKMARK [3][-]{subsubsection.4.1.2.3}{\376\377\0004\000.\0001\000.\0002\000.\0003\000\040\000d\000e\000r\000i\000v\000e\000R\000a\000n\000d\000o\000m\000P\000a\000t\000c\000h\000\050\000\051}{subsection.4.1.2}% 27
\BOOKMARK [3][-]{subsubsection.4.1.2.4}{\376\377\0004\000.\0001\000.\0002\000.\0004\000\040\000g\000e\000t\000D\000a\000t\000a\000\050\000\051}{subsection.4.1.2}% 28
\BOOKMARK [3][-]{subsubsection.4.1.2.5}{\376\377\0004\000.\0001\000.\0002\000.\0005\000\040\000g\000e\000t\000D\000i\000r\000e\000c\000t\000o\000r\000y\000F\000r\000o\000m\000I\000n\000d\000e\000x\000\050\000\051}{subsection.4.1.2}% 29
\BOOKMARK [3][-]{subsubsection.4.1.2.6}{\376\377\0004\000.\0001\000.\0002\000.\0006\000\040\000g\000e\000t\000I\000m\000a\000g\000e\000\050\000\051}{subsection.4.1.2}% 30
\BOOKMARK [3][-]{subsubsection.4.1.2.7}{\376\377\0004\000.\0001\000.\0002\000.\0007\000\040\000l\000o\000a\000d\000D\000a\000t\000a\000P\000a\000r\000a\000l\000l\000e\000l\000\050\000\051}{subsection.4.1.2}% 31
\BOOKMARK [3][-]{subsubsection.4.1.2.8}{\376\377\0004\000.\0001\000.\0002\000.\0008\000\040\000l\000o\000a\000d\000D\000a\000t\000a\000S\000e\000q\000u\000e\000n\000t\000i\000a\000l\000\050\000\051}{subsection.4.1.2}% 32
\BOOKMARK [3][-]{subsubsection.4.1.2.9}{\376\377\0004\000.\0001\000.\0002\000.\0009\000\040\000l\000o\000a\000d\000I\000n\000d\000i\000v\000i\000d\000u\000a\000l\000P\000a\000t\000i\000e\000n\000t\000\050\000\051}{subsection.4.1.2}% 33
\BOOKMARK [1][-]{section.4.2}{\376\377\0004\000.\0002\000\040\000E\000m\000a\000i\000l\000H\000a\000n\000d\000l\000e\000r\000.\000E\000m\000a\000i\000l\000H\000a\000n\000d\000l\000e\000r\000\040\000C\000l\000a\000s\000s\000\040\000R\000e\000f\000e\000r\000e\000n\000c\000e}{chapter.4}% 34
\BOOKMARK [2][-]{subsection.4.2.1}{\376\377\0004\000.\0002\000.\0001\000\040\000C\000o\000n\000s\000t\000r\000u\000c\000t\000o\000r\000\040\000\046\000\040\000D\000e\000s\000t\000r\000u\000c\000t\000o\000r\000\040\000D\000o\000c\000u\000m\000e\000n\000t\000a\000t\000i\000o\000n}{section.4.2}% 35
\BOOKMARK [3][-]{subsubsection.4.2.1.1}{\376\377\0004\000.\0002\000.\0001\000.\0001\000\040\000\137\000\137\000i\000n\000i\000t\000\137\000\137\000\050\000\051}{subsection.4.2.1}% 36
\BOOKMARK [2][-]{subsection.4.2.2}{\376\377\0004\000.\0002\000.\0002\000\040\000M\000e\000m\000b\000e\000r\000\040\000F\000u\000n\000c\000t\000i\000o\000n\000\040\000D\000o\000c\000u\000m\000e\000n\000t\000a\000t\000i\000o\000n}{section.4.2}% 37
\BOOKMARK [3][-]{subsubsection.4.2.2.1}{\376\377\0004\000.\0002\000.\0002\000.\0001\000\040\000a\000t\000t\000a\000c\000h\000F\000i\000l\000e\000\050\000\051}{subsection.4.2.2}% 38
\BOOKMARK [3][-]{subsubsection.4.2.2.2}{\376\377\0004\000.\0002\000.\0002\000.\0002\000\040\000p\000r\000e\000p\000a\000r\000e\000M\000e\000s\000s\000a\000g\000e\000\050\000\051}{subsection.4.2.2}% 39
\BOOKMARK [3][-]{subsubsection.4.2.2.3}{\376\377\0004\000.\0002\000.\0002\000.\0003\000\040\000s\000e\000n\000d\000M\000e\000s\000s\000a\000g\000e\000\050\000\051}{subsection.4.2.2}% 40
\BOOKMARK [2][-]{subsection.4.2.3}{\376\377\0004\000.\0002\000.\0003\000\040\000M\000e\000m\000b\000e\000r\000\040\000D\000a\000t\000a\000\040\000D\000o\000c\000u\000m\000e\000n\000t\000a\000t\000i\000o\000n}{section.4.2}% 41
\BOOKMARK [3][-]{subsubsection.4.2.3.1}{\376\377\0004\000.\0002\000.\0003\000.\0001\000\040\000a\000d\000d\000r\000e\000s\000s\000B\000o\000o\000k}{subsection.4.2.3}% 42
\BOOKMARK [1][-]{section.4.3}{\376\377\0004\000.\0003\000\040\000H\000a\000r\000d\000w\000a\000r\000e\000H\000a\000n\000d\000l\000e\000r\000.\000H\000a\000r\000d\000w\000a\000r\000e\000H\000a\000n\000d\000l\000e\000r\000\040\000C\000l\000a\000s\000s\000\040\000R\000e\000f\000e\000r\000e\000n\000c\000e}{chapter.4}% 43
\BOOKMARK [2][-]{subsection.4.3.1}{\376\377\0004\000.\0003\000.\0001\000\040\000C\000o\000n\000s\000t\000r\000u\000c\000t\000o\000r\000\040\000\046\000\040\000D\000e\000s\000t\000r\000u\000c\000t\000o\000r\000\040\000D\000o\000c\000u\000m\000e\000n\000t\000a\000t\000i\000o\000n}{section.4.3}% 44
\BOOKMARK [3][-]{subsubsection.4.3.1.1}{\376\377\0004\000.\0003\000.\0001\000.\0001\000\040\000\137\000\137\000i\000n\000i\000t\000\137\000\137\000\050\000\051}{subsection.4.3.1}% 45
\BOOKMARK [2][-]{subsection.4.3.2}{\376\377\0004\000.\0003\000.\0002\000\040\000M\000e\000m\000b\000e\000r\000\040\000F\000u\000n\000c\000t\000i\000o\000n\000\040\000D\000o\000c\000u\000m\000e\000n\000t\000a\000t\000i\000o\000n}{section.4.3}% 46
\BOOKMARK [3][-]{subsubsection.4.3.2.1}{\376\377\0004\000.\0003\000.\0002\000.\0001\000\040\000c\000r\000e\000a\000t\000e\000T\000h\000r\000e\000a\000d\000P\000o\000o\000l\000\050\000\051}{subsection.4.3.2}% 47
\BOOKMARK [3][-]{subsubsection.4.3.2.2}{\376\377\0004\000.\0003\000.\0002\000.\0002\000\040\000g\000e\000t\000A\000v\000a\000i\000l\000a\000b\000l\000e\000G\000P\000U\000s\000\050\000\051}{subsection.4.3.2}% 48
\BOOKMARK [3][-]{subsubsection.4.3.2.3}{\376\377\0004\000.\0003\000.\0002\000.\0003\000\040\000g\000e\000t\000N\000u\000m\000b\000e\000r\000O\000f\000C\000o\000r\000e\000s\000\050\000\051}{subsection.4.3.2}% 49
\BOOKMARK [1][-]{section.4.4}{\376\377\0004\000.\0004\000\040\000T\000i\000m\000e\000r\000M\000o\000d\000u\000l\000e\000.\000T\000i\000m\000e\000r\000M\000o\000d\000u\000l\000e\000\040\000C\000l\000a\000s\000s\000\040\000R\000e\000f\000e\000r\000e\000n\000c\000e}{chapter.4}% 50
\BOOKMARK [2][-]{subsection.4.4.1}{\376\377\0004\000.\0004\000.\0001\000\040\000M\000e\000m\000b\000e\000r\000\040\000F\000u\000n\000c\000t\000i\000o\000n\000\040\000D\000o\000c\000u\000m\000e\000n\000t\000a\000t\000i\000o\000n}{section.4.4}% 51
\BOOKMARK [3][-]{subsubsection.4.4.1.1}{\376\377\0004\000.\0004\000.\0001\000.\0001\000\040\000g\000e\000t\000E\000l\000a\000p\000s\000e\000d\000T\000i\000m\000e\000\050\000\051}{subsection.4.4.1}% 52
\BOOKMARK [0][-]{section*.21}{\376\377\000I\000n\000d\000e\000x}{}% 53
